<?xml version="1.0" encoding="UTF-8"?>
<!-- Generated by org.testng.reporters.JUnitReportReporter -->
<testsuite hostname="Lakshith" failures="0" tests="1" name="utils.ReportUtils" time="0.492" errors="0" timestamp="2025-03-16T16:30:01 IST" skipped="0">
  <testcase classname="utils.ReportUtils" name="generateReport" time="0.492"/>
</testsuite> <!-- utils.ReportUtils -->
