<?xml version="1.0" encoding="UTF-8"?>
<!-- Generated by org.testng.reporters.JUnitReportReporter -->
<testsuite hostname="Lakshith" failures="0" tests="1" name="tests.SignUpTestCase" time="62.288" errors="0" timestamp="2025-03-16T16:43:06 IST" skipped="0">
  <testcase classname="tests.SignUpTestCase" name="signUp" time="62.288"/>
</testsuite> <!-- tests.SignUpTestCase -->
